<?xml version="1.0" encoding="UTF-8"?>
<!-- Generated by org.testng.reporters.JUnitReportReporter -->
<testsuite hostname="DESKTOP-O82LOGL" failures="0" tests="1" name="testCases.TC002_AccountLoginTest" time="1.338" errors="0" timestamp="2025-03-03T12:10:23 IST" skipped="0">
  <testcase classname="testCases.TC002_AccountLoginTest" name="AccountLoginTest" time="1.338"/>
</testsuite> <!-- testCases.TC002_AccountLoginTest -->
